Internal Server Error: /
Traceback (most recent call last):
  File "/Users/ogahserge/Documents/afriqconsulting/venv/lib/python3.9/site-packages/django/template/base.py", line 880, in _resolve_lookup
    current = current[bit]
TypeError: 'ImageFieldFile' object is not subscriptable

During handling of the above exception, another exception occurred:

Traceback (most recent call last):
  File "/Users/ogahserge/Documents/afriqconsulting/venv/lib/python3.9/site-packages/django/core/files/storage/handler.py", line 35, in __getitem__
    return self._storages[alias]
KeyError: 'default'

During handling of the above exception, another exception occurred:

Traceback (most recent call last):
  File "/Users/ogahserge/Documents/afriqconsulting/venv/lib/python3.9/site-packages/django/core/files/storage/handler.py", line 38, in __getitem__
    params = self.backends[alias]
KeyError: 'default'

During handling of the above exception, another exception occurred:

Traceback (most recent call last):
  File "/Users/ogahserge/Documents/afriqconsulting/venv/lib/python3.9/site-packages/django/core/handlers/exception.py", line 55, in inner
    response = get_response(request)
  File "/Users/ogahserge/Documents/afriqconsulting/venv/lib/python3.9/site-packages/django/core/handlers/base.py", line 220, in _get_response
    response = response.render()
  File "/Users/ogahserge/Documents/afriqconsulting/venv/lib/python3.9/site-packages/django/template/response.py", line 114, in render
    self.content = self.rendered_content
  File "/Users/ogahserge/Documents/afriqconsulting/venv/lib/python3.9/site-packages/django/template/response.py", line 92, in rendered_content
    return template.render(context, self._request)
  File "/Users/ogahserge/Documents/afriqconsulting/venv/lib/python3.9/site-packages/django/template/backends/django.py", line 61, in render
    return self.template.render(context)
  File "/Users/ogahserge/Documents/afriqconsulting/venv/lib/python3.9/site-packages/django/template/base.py", line 175, in render
    return self._render(context)
  File "/Users/ogahserge/Documents/afriqconsulting/venv/lib/python3.9/site-packages/django/template/base.py", line 167, in _render
    return self.nodelist.render(context)
  File "/Users/ogahserge/Documents/afriqconsulting/venv/lib/python3.9/site-packages/django/template/base.py", line 1005, in render
    return SafeString("".join([node.render_annotated(context) for node in self]))
  File "/Users/ogahserge/Documents/afriqconsulting/venv/lib/python3.9/site-packages/django/template/base.py", line 1005, in <listcomp>
    return SafeString("".join([node.render_annotated(context) for node in self]))
  File "/Users/ogahserge/Documents/afriqconsulting/venv/lib/python3.9/site-packages/django/template/base.py", line 966, in render_annotated
    return self.render(context)
  File "/Users/ogahserge/Documents/afriqconsulting/venv/lib/python3.9/site-packages/django/template/loader_tags.py", line 157, in render
    return compiled_parent._render(context)
  File "/Users/ogahserge/Documents/afriqconsulting/venv/lib/python3.9/site-packages/django/template/base.py", line 167, in _render
    return self.nodelist.render(context)
  File "/Users/ogahserge/Documents/afriqconsulting/venv/lib/python3.9/site-packages/django/template/base.py", line 1005, in render
    return SafeString("".join([node.render_annotated(context) for node in self]))
  File "/Users/ogahserge/Documents/afriqconsulting/venv/lib/python3.9/site-packages/django/template/base.py", line 1005, in <listcomp>
    return SafeString("".join([node.render_annotated(context) for node in self]))
  File "/Users/ogahserge/Documents/afriqconsulting/venv/lib/python3.9/site-packages/django/template/base.py", line 966, in render_annotated
    return self.render(context)
  File "/Users/ogahserge/Documents/afriqconsulting/venv/lib/python3.9/site-packages/django/template/loader_tags.py", line 63, in render
    result = block.nodelist.render(context)
  File "/Users/ogahserge/Documents/afriqconsulting/venv/lib/python3.9/site-packages/django/template/base.py", line 1005, in render
    return SafeString("".join([node.render_annotated(context) for node in self]))
  File "/Users/ogahserge/Documents/afriqconsulting/venv/lib/python3.9/site-packages/django/template/base.py", line 1005, in <listcomp>
    return SafeString("".join([node.render_annotated(context) for node in self]))
  File "/Users/ogahserge/Documents/afriqconsulting/venv/lib/python3.9/site-packages/django/template/base.py", line 966, in render_annotated
    return self.render(context)
  File "/Users/ogahserge/Documents/afriqconsulting/venv/lib/python3.9/site-packages/django/template/defaulttags.py", line 238, in render
    nodelist.append(node.render_annotated(context))
  File "/Users/ogahserge/Documents/afriqconsulting/venv/lib/python3.9/site-packages/django/template/base.py", line 966, in render_annotated
    return self.render(context)
  File "/Users/ogahserge/Documents/afriqconsulting/venv/lib/python3.9/site-packages/django/template/base.py", line 1064, in render
    output = self.filter_expression.resolve(context)
  File "/Users/ogahserge/Documents/afriqconsulting/venv/lib/python3.9/site-packages/django/template/base.py", line 715, in resolve
    obj = self.var.resolve(context)
  File "/Users/ogahserge/Documents/afriqconsulting/venv/lib/python3.9/site-packages/django/template/base.py", line 847, in resolve
    value = self._resolve_lookup(context)
  File "/Users/ogahserge/Documents/afriqconsulting/venv/lib/python3.9/site-packages/django/template/base.py", line 890, in _resolve_lookup
    current = getattr(current, bit)
  File "/Users/ogahserge/Documents/afriqconsulting/venv/lib/python3.9/site-packages/django/db/models/fields/files.py", line 67, in url
    return self.storage.url(self.name)
  File "/Users/ogahserge/Documents/afriqconsulting/venv/lib/python3.9/site-packages/django/utils/functional.py", line 266, in inner
    self._setup()
  File "/Users/ogahserge/Documents/afriqconsulting/venv/lib/python3.9/site-packages/django/core/files/storage/__init__.py", line 42, in _setup
    self._wrapped = storages[DEFAULT_STORAGE_ALIAS]
  File "/Users/ogahserge/Documents/afriqconsulting/venv/lib/python3.9/site-packages/django/core/files/storage/handler.py", line 40, in __getitem__
    raise InvalidStorageError(
django.core.files.storage.handler.InvalidStorageError: Could not find config for 'default' in settings.STORAGES.
"GET / HTTP/1.1" 500 226748
Internal Server Error: /
Traceback (most recent call last):
  File "/Users/ogahserge/Documents/afriqconsulting/venv/lib/python3.9/site-packages/django/core/handlers/exception.py", line 55, in inner
    response = get_response(request)
  File "/Users/ogahserge/Documents/afriqconsulting/venv/lib/python3.9/site-packages/django/core/handlers/base.py", line 220, in _get_response
    response = response.render()
  File "/Users/ogahserge/Documents/afriqconsulting/venv/lib/python3.9/site-packages/django/template/response.py", line 114, in render
    self.content = self.rendered_content
  File "/Users/ogahserge/Documents/afriqconsulting/venv/lib/python3.9/site-packages/django/template/response.py", line 92, in rendered_content
    return template.render(context, self._request)
  File "/Users/ogahserge/Documents/afriqconsulting/venv/lib/python3.9/site-packages/django/template/backends/django.py", line 61, in render
    return self.template.render(context)
  File "/Users/ogahserge/Documents/afriqconsulting/venv/lib/python3.9/site-packages/django/template/base.py", line 175, in render
    return self._render(context)
  File "/Users/ogahserge/Documents/afriqconsulting/venv/lib/python3.9/site-packages/django/template/base.py", line 167, in _render
    return self.nodelist.render(context)
  File "/Users/ogahserge/Documents/afriqconsulting/venv/lib/python3.9/site-packages/django/template/base.py", line 1005, in render
    return SafeString("".join([node.render_annotated(context) for node in self]))
  File "/Users/ogahserge/Documents/afriqconsulting/venv/lib/python3.9/site-packages/django/template/base.py", line 1005, in <listcomp>
    return SafeString("".join([node.render_annotated(context) for node in self]))
  File "/Users/ogahserge/Documents/afriqconsulting/venv/lib/python3.9/site-packages/django/template/base.py", line 966, in render_annotated
    return self.render(context)
  File "/Users/ogahserge/Documents/afriqconsulting/venv/lib/python3.9/site-packages/django/template/loader_tags.py", line 157, in render
    return compiled_parent._render(context)
  File "/Users/ogahserge/Documents/afriqconsulting/venv/lib/python3.9/site-packages/django/template/base.py", line 167, in _render
    return self.nodelist.render(context)
  File "/Users/ogahserge/Documents/afriqconsulting/venv/lib/python3.9/site-packages/django/template/base.py", line 1005, in render
    return SafeString("".join([node.render_annotated(context) for node in self]))
  File "/Users/ogahserge/Documents/afriqconsulting/venv/lib/python3.9/site-packages/django/template/base.py", line 1005, in <listcomp>
    return SafeString("".join([node.render_annotated(context) for node in self]))
  File "/Users/ogahserge/Documents/afriqconsulting/venv/lib/python3.9/site-packages/django/template/base.py", line 966, in render_annotated
    return self.render(context)
  File "/Users/ogahserge/Documents/afriqconsulting/venv/lib/python3.9/site-packages/django/templatetags/static.py", line 116, in render
    url = self.url(context)
  File "/Users/ogahserge/Documents/afriqconsulting/venv/lib/python3.9/site-packages/django/templatetags/static.py", line 113, in url
    return self.handle_simple(path)
  File "/Users/ogahserge/Documents/afriqconsulting/venv/lib/python3.9/site-packages/django/templatetags/static.py", line 129, in handle_simple
    return staticfiles_storage.url(path)
  File "/Users/ogahserge/Documents/afriqconsulting/venv/lib/python3.9/site-packages/django/contrib/staticfiles/storage.py", line 203, in url
    return self._url(self.stored_name, name, force)
  File "/Users/ogahserge/Documents/afriqconsulting/venv/lib/python3.9/site-packages/django/contrib/staticfiles/storage.py", line 182, in _url
    hashed_name = hashed_name_func(*args)
  File "/Users/ogahserge/Documents/afriqconsulting/venv/lib/python3.9/site-packages/django/contrib/staticfiles/storage.py", line 513, in stored_name
    raise ValueError(
ValueError: Missing staticfiles manifest entry for 'assets/css/bootstrap.min.css'
"GET / HTTP/1.1" 500 145
Internal Server Error: /
Traceback (most recent call last):
  File "/Users/ogahserge/Documents/afriqconsulting/venv/lib/python3.9/site-packages/django/core/handlers/exception.py", line 55, in inner
    response = get_response(request)
  File "/Users/ogahserge/Documents/afriqconsulting/venv/lib/python3.9/site-packages/django/core/handlers/base.py", line 220, in _get_response
    response = response.render()
  File "/Users/ogahserge/Documents/afriqconsulting/venv/lib/python3.9/site-packages/django/template/response.py", line 114, in render
    self.content = self.rendered_content
  File "/Users/ogahserge/Documents/afriqconsulting/venv/lib/python3.9/site-packages/django/template/response.py", line 92, in rendered_content
    return template.render(context, self._request)
  File "/Users/ogahserge/Documents/afriqconsulting/venv/lib/python3.9/site-packages/django/template/backends/django.py", line 61, in render
    return self.template.render(context)
  File "/Users/ogahserge/Documents/afriqconsulting/venv/lib/python3.9/site-packages/django/template/base.py", line 175, in render
    return self._render(context)
  File "/Users/ogahserge/Documents/afriqconsulting/venv/lib/python3.9/site-packages/django/template/base.py", line 167, in _render
    return self.nodelist.render(context)
  File "/Users/ogahserge/Documents/afriqconsulting/venv/lib/python3.9/site-packages/django/template/base.py", line 1005, in render
    return SafeString("".join([node.render_annotated(context) for node in self]))
  File "/Users/ogahserge/Documents/afriqconsulting/venv/lib/python3.9/site-packages/django/template/base.py", line 1005, in <listcomp>
    return SafeString("".join([node.render_annotated(context) for node in self]))
  File "/Users/ogahserge/Documents/afriqconsulting/venv/lib/python3.9/site-packages/django/template/base.py", line 966, in render_annotated
    return self.render(context)
  File "/Users/ogahserge/Documents/afriqconsulting/venv/lib/python3.9/site-packages/django/template/loader_tags.py", line 157, in render
    return compiled_parent._render(context)
  File "/Users/ogahserge/Documents/afriqconsulting/venv/lib/python3.9/site-packages/django/template/base.py", line 167, in _render
    return self.nodelist.render(context)
  File "/Users/ogahserge/Documents/afriqconsulting/venv/lib/python3.9/site-packages/django/template/base.py", line 1005, in render
    return SafeString("".join([node.render_annotated(context) for node in self]))
  File "/Users/ogahserge/Documents/afriqconsulting/venv/lib/python3.9/site-packages/django/template/base.py", line 1005, in <listcomp>
    return SafeString("".join([node.render_annotated(context) for node in self]))
  File "/Users/ogahserge/Documents/afriqconsulting/venv/lib/python3.9/site-packages/django/template/base.py", line 966, in render_annotated
    return self.render(context)
  File "/Users/ogahserge/Documents/afriqconsulting/venv/lib/python3.9/site-packages/django/templatetags/static.py", line 116, in render
    url = self.url(context)
  File "/Users/ogahserge/Documents/afriqconsulting/venv/lib/python3.9/site-packages/django/templatetags/static.py", line 113, in url
    return self.handle_simple(path)
  File "/Users/ogahserge/Documents/afriqconsulting/venv/lib/python3.9/site-packages/django/templatetags/static.py", line 129, in handle_simple
    return staticfiles_storage.url(path)
  File "/Users/ogahserge/Documents/afriqconsulting/venv/lib/python3.9/site-packages/django/contrib/staticfiles/storage.py", line 203, in url
    return self._url(self.stored_name, name, force)
  File "/Users/ogahserge/Documents/afriqconsulting/venv/lib/python3.9/site-packages/django/contrib/staticfiles/storage.py", line 182, in _url
    hashed_name = hashed_name_func(*args)
  File "/Users/ogahserge/Documents/afriqconsulting/venv/lib/python3.9/site-packages/django/contrib/staticfiles/storage.py", line 513, in stored_name
    raise ValueError(
ValueError: Missing staticfiles manifest entry for 'assets/css/bootstrap.min.css'
"GET / HTTP/1.1" 500 145
